-------------------------------------------------------------------------------
Test set: com.estore.api.estoreapi.EstoreApiApplicationTests
-------------------------------------------------------------------------------
Tests run: 1, Failures: 0, Errors: 1, Skipped: 0, Time elapsed: 4.784 s <<< FAILURE! - in com.estore.api.estoreapi.EstoreApiApplicationTests
testContextLoads  Time elapsed: 0 s  <<< ERROR!
java.lang.IllegalStateException: Failed to load ApplicationContext
Caused by: org.springframework.beans.factory.UnsatisfiedDependencyException: Error creating bean with name 'userController' defined in file [C:\Users\broke\Desktop\team-project-2225-swen-261-06-g-ritgaragesale\estore-api\target\classes\com\estore\api\estoreapi\controller\UserController.class]: Unsatisfied dependency expressed through constructor parameter 0; nested exception is org.springframework.beans.factory.NoUniqueBeanDefinitionException: No qualifying bean of type 'com.estore.api.estoreapi.persistence.UserDAO' available: expected single matching bean but found 2: userDBDAO,userFileDAO
Caused by: org.springframework.beans.factory.NoUniqueBeanDefinitionException: No qualifying bean of type 'com.estore.api.estoreapi.persistence.UserDAO' available: expected single matching bean but found 2: userDBDAO,userFileDAO

